<?xml version="1.0" encoding="UTF-8"?>
<!-- Generated by org.testng.reporters.JUnitXMLReporter -->
<testsuite hostname="DESKTOP-E3NQSM7" ignored="0" name="regression" tests="1" failures="1" timestamp="2020-02-26T13:41:21 EST" time="10.972" errors="0">
  <testcase name="f" time="0.005" classname="run.HOME_SITE1">
    <failure type="java.lang.Error" message="Unresolved compilation problem: 
	The constructor home(WebDriver) is undefined
">
      <![CDATA[java.lang.Error: Unresolved compilation problem: 
The constructor home(WebDriver) is undefined

at run.HOME_SITE1.f(HOME_SITE1.java:13)
at java.util.ArrayList.forEach(Unknown Source)
... Removed 27 stack frames]]>
    </failure>
  </testcase> <!-- f -->
</testsuite> <!-- regression -->
